[0m05:37:41.549867 [debug] [MainThread]: Sending event: {'category': 'dbt', 'action': 'invocation', 'label': 'start', 'context': [<snowplow_tracker.self_describing_json.SelfDescribingJson object at 0x000001E8B22B1220>, <snowplow_tracker.self_describing_json.SelfDescribingJson object at 0x000001E8B5029CA0>, <snowplow_tracker.self_describing_json.SelfDescribingJson object at 0x000001E8B5029BE0>]}


============================== 05:37:41.559906 | 05f7b0e0-bbb9-49dc-b019-089afed3abee ==============================
[0m05:37:41.559906 [info ] [MainThread]: Running with dbt=1.7.8
[0m05:37:41.560902 [debug] [MainThread]: running dbt with arguments {'printer_width': '80', 'indirect_selection': 'eager', 'write_json': 'True', 'log_cache_events': 'False', 'partial_parse': 'True', 'cache_selected_only': 'False', 'warn_error': 'None', 'version_check': 'True', 'profiles_dir': 'C:\\Users\\DELL\\.dbt', 'log_path': 'logs', 'debug': 'False', 'fail_fast': 'False', 'use_colors': 'True', 'use_experimental_parser': 'False', 'no_print': 'None', 'quiet': 'False', 'log_format': 'default', 'static_parser': 'True', 'introspect': 'True', 'invocation_command': 'dbt init', 'target_path': 'None', 'warn_error_options': 'WarnErrorOptions(include=[], exclude=[])', 'send_anonymous_usage_stats': 'True'}
[0m05:38:32.466639 [info ] [MainThread]: A project called taxi_rides_ny already exists here.
[0m05:38:32.468716 [debug] [MainThread]: Command `dbt init` succeeded at 05:38:32.468716 after 50.92 seconds
[0m05:38:32.468716 [debug] [MainThread]: Sending event: {'category': 'dbt', 'action': 'invocation', 'label': 'end', 'context': [<snowplow_tracker.self_describing_json.SelfDescribingJson object at 0x000001E8B22B1220>, <snowplow_tracker.self_describing_json.SelfDescribingJson object at 0x000001E8B503ADF0>, <snowplow_tracker.self_describing_json.SelfDescribingJson object at 0x000001E8B503A550>]}
[0m05:38:32.469714 [debug] [MainThread]: Flushing usage events
[0m05:59:57.998028 [debug] [MainThread]: Sending event: {'category': 'dbt', 'action': 'invocation', 'label': 'start', 'context': [<snowplow_tracker.self_describing_json.SelfDescribingJson object at 0x0000020BEA301220>, <snowplow_tracker.self_describing_json.SelfDescribingJson object at 0x0000020BED08A340>, <snowplow_tracker.self_describing_json.SelfDescribingJson object at 0x0000020BED08AC10>]}


============================== 05:59:58.001028 | 29c552db-b2e3-4618-bd7b-648177ff39d9 ==============================
[0m05:59:58.001028 [info ] [MainThread]: Running with dbt=1.7.8
[0m05:59:58.002028 [debug] [MainThread]: running dbt with arguments {'printer_width': '80', 'indirect_selection': 'eager', 'log_cache_events': 'False', 'write_json': 'True', 'partial_parse': 'True', 'cache_selected_only': 'False', 'profiles_dir': 'C:\\Users\\DELL\\.dbt', 'debug': 'False', 'warn_error': 'None', 'log_path': 'logs', 'fail_fast': 'False', 'version_check': 'True', 'use_colors': 'True', 'use_experimental_parser': 'False', 'no_print': 'None', 'quiet': 'False', 'log_format': 'default', 'introspect': 'True', 'static_parser': 'True', 'warn_error_options': 'WarnErrorOptions(include=[], exclude=[])', 'target_path': 'None', 'invocation_command': 'dbt debug', 'send_anonymous_usage_stats': 'True'}
[0m05:59:58.002985 [info ] [MainThread]: dbt version: 1.7.8
[0m05:59:58.003986 [info ] [MainThread]: python version: 3.9.0
[0m05:59:58.004988 [info ] [MainThread]: python path: c:\users\dell\appdata\local\programs\python\python39\python.exe
[0m05:59:58.005997 [info ] [MainThread]: os info: Windows-10-10.0.18362-SP0
[0m05:59:58.010985 [info ] [MainThread]: Using profiles dir at C:\Users\DELL\.dbt
[0m05:59:58.011985 [info ] [MainThread]: Using profiles.yml file at C:\Users\DELL\.dbt\profiles.yml
[0m05:59:58.012987 [info ] [MainThread]: Using dbt_project.yml file at C:\Users\DELL\Desktop\dbt\dbt_project.yml
[0m05:59:58.013989 [info ] [MainThread]: Configuration:
[0m05:59:58.015022 [info ] [MainThread]:   profiles.yml file [[31mERROR invalid[0m]
[0m05:59:58.016008 [info ] [MainThread]:   dbt_project.yml file [[31mERROR not found[0m]
[0m05:59:58.016990 [info ] [MainThread]: Required dependencies:
[0m05:59:58.017987 [debug] [MainThread]: Executing "git --help"
[0m05:59:58.081986 [debug] [MainThread]: STDOUT: "b"usage: git [-v | --version] [-h | --help] [-C <path>] [-c <name>=<value>]\n           [--exec-path[=<path>]] [--html-path] [--man-path] [--info-path]\n           [-p | --paginate | -P | --no-pager] [--no-replace-objects] [--bare]\n           [--git-dir=<path>] [--work-tree=<path>] [--namespace=<name>]\n           [--super-prefix=<path>] [--config-env=<name>=<envvar>]\n           <command> [<args>]\n\nThese are common Git commands used in various situations:\n\nstart a working area (see also: git help tutorial)\n   clone     Clone a repository into a new directory\n   init      Create an empty Git repository or reinitialize an existing one\n\nwork on the current change (see also: git help everyday)\n   add       Add file contents to the index\n   mv        Move or rename a file, a directory, or a symlink\n   restore   Restore working tree files\n   rm        Remove files from the working tree and from the index\n\nexamine the history and state (see also: git help revisions)\n   bisect    Use binary search to find the commit that introduced a bug\n   diff      Show changes between commits, commit and working tree, etc\n   grep      Print lines matching a pattern\n   log       Show commit logs\n   show      Show various types of objects\n   status    Show the working tree status\n\ngrow, mark and tweak your common history\n   branch    List, create, or delete branches\n   commit    Record changes to the repository\n   merge     Join two or more development histories together\n   rebase    Reapply commits on top of another base tip\n   reset     Reset current HEAD to the specified state\n   switch    Switch branches\n   tag       Create, list, delete or verify a tag object signed with GPG\n\ncollaborate (see also: git help workflows)\n   fetch     Download objects and refs from another repository\n   pull      Fetch from and integrate with another repository or a local branch\n   push      Update remote refs along with associated objects\n\n'git help -a' and 'git help -g' list available subcommands and some\nconcept guides. See 'git help <command>' or 'git help <concept>'\nto read about a specific subcommand or concept.\nSee 'git help git' for an overview of the system.\n""
[0m05:59:58.083021 [debug] [MainThread]: STDERR: "b''"
[0m05:59:58.083021 [info ] [MainThread]:  - git [[32mOK found[0m]

[0m05:59:58.084987 [info ] [MainThread]: Connection test skipped since no profile was found
[0m05:59:58.085987 [info ] [MainThread]: [31m2 checks failed:[0m
[0m05:59:58.085987 [info ] [MainThread]: Could not load dbt_project.yml
Profile loading failed for the following reason:
Runtime Error
  output 'dev' of profile 'pg-dbt-workshop' is misconfigured in profiles.yml


[0m05:59:58.087983 [info ] [MainThread]: Project loading failed for the following reason:
 project path <C:\Users\DELL\Desktop\dbt\dbt_project.yml> not found

[0m05:59:58.091986 [debug] [MainThread]: Command `dbt debug` failed at 05:59:58.091986 after 0.21 seconds
[0m05:59:58.092986 [debug] [MainThread]: Sending event: {'category': 'dbt', 'action': 'invocation', 'label': 'end', 'context': [<snowplow_tracker.self_describing_json.SelfDescribingJson object at 0x0000020BEA301220>, <snowplow_tracker.self_describing_json.SelfDescribingJson object at 0x0000020BEAC6FD60>, <snowplow_tracker.self_describing_json.SelfDescribingJson object at 0x0000020BED08A880>]}
[0m05:59:58.094019 [debug] [MainThread]: Flushing usage events
